# JRE version: Java(TM) SE Runtime Environment (8.0_151-b12) (build 1.8.0_151-b12)
# Java VM: Java HotSpot(TM) 64-Bit Server VM (25.151-b12 mixed mode windows-amd64 compressed oops)
Heap:
 PSYoungGen      total 239104K, used 83246K [0x00000000d5f00000, 0x00000000e9680000, 0x0000000100000000)
  eden space 219648K, 29% used [0x00000000d5f00000,0x00000000d9d4e920,0x00000000e3580000)
  from space 19456K, 99% used [0x00000000e5900000,0x00000000e6bfd110,0x00000000e6c00000)
  to   space 36352K, 0% used [0x00000000e3580000,0x00000000e3580000,0x00000000e5900000)
 ParOldGen       total 142336K, used 87073K [0x0000000081c00000, 0x000000008a700000, 0x00000000d5f00000)
  object space 142336K, 61% used [0x0000000081c00000,0x0000000087108570,0x000000008a700000)
 Metaspace       used 27691K, capacity 28454K, committed 28544K, reserved 1075200K
  class space    used 3464K, capacity 3634K, committed 3712K, reserved 1048576K
GC Heap History (10 events):
Event: 43.479 GC heap before
{Heap before GC invocations=10 (full 1):
 PSYoungGen      total 132096K, used 126197K [0x00000000d5f00000, 0x00000000de800000, 0x0000000100000000)
  eden space 125952K, 99% used [0x00000000d5f00000,0x00000000dd9c1220,0x00000000dda00000)
  from space 6144K, 8% used [0x00000000de200000,0x00000000de27c3e8,0x00000000de800000)
  to   space 7168K, 0% used [0x00000000dda00000,0x00000000dda00000,0x00000000de100000)
 ParOldGen       total 62976K, used 7680K [0x0000000081c00000, 0x0000000085980000, 0x00000000d5f00000)
  object space 62976K, 12% used [0x0000000081c00000,0x00000000823801d8,0x0000000085980000)
 Metaspace       used 27123K, capacity 27852K, committed 28032K, reserved 1073152K
  class space    used 3462K, capacity 3633K, committed 3712K, reserved 1048576K
Event: 43.488 GC heap after
Heap after GC invocations=10 (full 1):
 PSYoungGen      total 133120K, used 7143K [0x00000000d5f00000, 0x00000000e2a80000, 0x0000000100000000)
  eden space 125952K, 0% used [0x00000000d5f00000,0x00000000d5f00000,0x00000000dda00000)
  from space 7168K, 99% used [0x00000000dda00000,0x00000000de0f9f98,0x00000000de100000)
  to   space 14336K, 0% used [0x00000000e1c80000,0x00000000e1c80000,0x00000000e2a80000)
 ParOldGen       total 62976K, used 22526K [0x0000000081c00000, 0x0000000085980000, 0x00000000d5f00000)
  object space 62976K, 35% used [0x0000000081c00000,0x00000000831ffbb0,0x0000000085980000)
 Metaspace       used 27123K, capacity 27852K, committed 28032K, reserved 1073152K
  class space    used 3462K, capacity 3633K, committed 3712K, reserved 1048576K
}
Event: 56.208 GC heap before
{Heap before GC invocations=11 (full 1):
 PSYoungGen      total 133120K, used 133095K [0x00000000d5f00000, 0x00000000e2a80000, 0x0000000100000000)
  eden space 125952K, 100% used [0x00000000d5f00000,0x00000000dda00000,0x00000000dda00000)
  from space 7168K, 99% used [0x00000000dda00000,0x00000000de0f9f98,0x00000000de100000)
  to   space 14336K, 0% used [0x00000000e1c80000,0x00000000e1c80000,0x00000000e2a80000)
 ParOldGen       total 62976K, used 22526K [0x0000000081c00000, 0x0000000085980000, 0x00000000d5f00000)
  object space 62976K, 35% used [0x0000000081c00000,0x00000000831ffbb0,0x0000000085980000)
 Metaspace       used 27395K, capacity 28116K, committed 28288K, reserved 1073152K
  class space    used 3463K, capacity 3633K, committed 3712K, reserved 1048576K
Event: 56.218 GC heap after
Heap after GC invocations=11 (full 1):
 PSYoungGen      total 189440K, used 14301K [0x00000000d5f00000, 0x00000000e2b00000, 0x0000000100000000)
  eden space 175104K, 0% used [0x00000000d5f00000,0x00000000d5f00000,0x00000000e0a00000)
  from space 14336K, 99% used [0x00000000e1c80000,0x00000000e2a77450,0x00000000e2a80000)
  to   space 16896K, 0% used [0x00000000e0a00000,0x00000000e0a00000,0x00000000e1a80000)
 ParOldGen       total 62976K, used 31076K [0x0000000081c00000, 0x0000000085980000, 0x00000000d5f00000)
  object space 62976K, 49% used [0x0000000081c00000,0x0000000083a591b8,0x0000000085980000)
 Metaspace       used 27395K, capacity 28116K, committed 28288K, reserved 1073152K
  class space    used 3463K, capacity 3633K, committed 3712K, reserved 1048576K
}
Event: 101.465 GC heap before
{Heap before GC invocations=12 (full 1):
 PSYoungGen      total 189440K, used 189024K [0x00000000d5f00000, 0x00000000e2b00000, 0x0000000100000000)
  eden space 175104K, 99% used [0x00000000d5f00000,0x00000000e09a0f48,0x00000000e0a00000)
  from space 14336K, 99% used [0x00000000e1c80000,0x00000000e2a77450,0x00000000e2a80000)
  to   space 16896K, 0% used [0x00000000e0a00000,0x00000000e0a00000,0x00000000e1a80000)
 ParOldGen       total 62976K, used 31076K [0x0000000081c00000, 0x0000000085980000, 0x00000000d5f00000)
  object space 62976K, 49% used [0x0000000081c00000,0x0000000083a591b8,0x0000000085980000)
 Metaspace       used 27660K, capacity 28442K, committed 28544K, reserved 1075200K
  class space    used 3464K, capacity 3634K, committed 3712K, reserved 1048576K
Event: 101.481 GC heap after
Heap after GC invocations=12 (full 1):
 PSYoungGen      total 192000K, used 16892K [0x00000000d5f00000, 0x00000000e6c00000, 0x0000000100000000)
  eden space 175104K, 0% used [0x00000000d5f00000,0x00000000d5f00000,0x00000000e0a00000)
  from space 16896K, 99% used [0x00000000e0a00000,0x00000000e1a7f2f0,0x00000000e1a80000)
  to   space 19456K, 0% used [0x00000000e5900000,0x00000000e5900000,0x00000000e6c00000)
 ParOldGen       total 62976K, used 62549K [0x0000000081c00000, 0x0000000085980000, 0x00000000d5f00000)
  object space 62976K, 99% used [0x0000000081c00000,0x0000000085915560,0x0000000085980000)
 Metaspace       used 27660K, capacity 28442K, committed 28544K, reserved 1075200K
  class space    used 3464K, capacity 3634K, committed 3712K, reserved 1048576K
}
Event: 101.481 GC heap before
{Heap before GC invocations=13 (full 2):
 PSYoungGen      total 192000K, used 16892K [0x00000000d5f00000, 0x00000000e6c00000, 0x0000000100000000)
  eden space 175104K, 0% used [0x00000000d5f00000,0x00000000d5f00000,0x00000000e0a00000)
  from space 16896K, 99% used [0x00000000e0a00000,0x00000000e1a7f2f0,0x00000000e1a80000)
  to   space 19456K, 0% used [0x00000000e5900000,0x00000000e5900000,0x00000000e6c00000)
 ParOldGen       total 62976K, used 62549K [0x0000000081c00000, 0x0000000085980000, 0x00000000d5f00000)
  object space 62976K, 99% used [0x0000000081c00000,0x0000000085915560,0x0000000085980000)
 Metaspace       used 27660K, capacity 28442K, committed 28544K, reserved 1075200K
  class space    used 3464K, capacity 3634K, committed 3712K, reserved 1048576K
Event: 101.517 GC heap after
Heap after GC invocations=13 (full 2):
 PSYoungGen      total 192000K, used 0K [0x00000000d5f00000, 0x00000000e6c00000, 0x0000000100000000)
  eden space 175104K, 0% used [0x00000000d5f00000,0x00000000d5f00000,0x00000000e0a00000)
  from space 16896K, 0% used [0x00000000e0a00000,0x00000000e0a00000,0x00000000e1a80000)
  to   space 19456K, 0% used [0x00000000e5900000,0x00000000e5900000,0x00000000e6c00000)
 ParOldGen       total 142336K, used 51112K [0x0000000081c00000, 0x000000008a700000, 0x00000000d5f00000)
  object space 142336K, 35% used [0x0000000081c00000,0x0000000084dea200,0x000000008a700000)
 Metaspace       used 27660K, capacity 28442K, committed 28544K, reserved 1075200K
  class space    used 3464K, capacity 3634K, committed 3712K, reserved 1048576K
}
Event: 118.383 GC heap before
{Heap before GC invocations=14 (full 2):
 PSYoungGen      total 192000K, used 175104K [0x00000000d5f00000, 0x00000000e6c00000, 0x0000000100000000)
  eden space 175104K, 100% used [0x00000000d5f00000,0x00000000e0a00000,0x00000000e0a00000)
  from space 16896K, 0% used [0x00000000e0a00000,0x00000000e0a00000,0x00000000e1a80000)
  to   space 19456K, 0% used [0x00000000e5900000,0x00000000e5900000,0x00000000e6c00000)
 ParOldGen       total 142336K, used 51112K [0x0000000081c00000, 0x000000008a700000, 0x00000000d5f00000)
  object space 142336K, 35% used [0x0000000081c00000,0x0000000084dea200,0x000000008a700000)
 Metaspace       used 27689K, capacity 28454K, committed 28544K, reserved 1075200K
  class space    used 3464K, capacity 3634K, committed 3712K, reserved 1048576K
Event: 118.397 GC heap after
Heap after GC invocations=14 (full 2):
 PSYoungGen      total 239104K, used 19444K [0x00000000d5f00000, 0x00000000e9680000, 0x0000000100000000)
  eden space 219648K, 0% used [0x00000000d5f00000,0x00000000d5f00000,0x00000000e3580000)
  from space 19456K, 99% used [0x00000000e5900000,0x00000000e6bfd110,0x00000000e6c00000)
  to   space 36352K, 0% used [0x00000000e3580000,0x00000000e3580000,0x00000000e5900000)
 ParOldGen       total 142336K, used 87073K [0x0000000081c00000, 0x000000008a700000, 0x00000000d5f00000)
  object space 142336K, 61% used [0x0000000081c00000,0x0000000087108570,0x000000008a700000)
 Metaspace       used 27689K, capacity 28454K, committed 28544K, reserved 1075200K
  class space    used 3464K, capacity 3634K, committed 3712K, reserved 1048576K
}

