# JRE version: Java(TM) SE Runtime Environment (8.0_151-b12) (build 1.8.0_151-b12)
# Java VM: Java HotSpot(TM) 64-Bit Server VM (25.151-b12 mixed mode windows-amd64 compressed oops)
Heap:
 PSYoungGen      total 688640K, used 15959K [0x00000000d5f00000, 0x0000000100000000, 0x0000000100000000)
  eden space 688128K, 2% used [0x00000000d5f00000,0x00000000d6e95f18,0x00000000fff00000)
  from space 512K, 0% used [0x00000000fff80000,0x00000000fff80000,0x0000000100000000)
  to   space 512K, 0% used [0x00000000fff00000,0x00000000fff00000,0x00000000fff80000)
 ParOldGen       total 54272K, used 16484K [0x0000000081c00000, 0x0000000085100000, 0x00000000d5f00000)
  object space 54272K, 30% used [0x0000000081c00000,0x0000000082c192d0,0x0000000085100000)
 Metaspace       used 28043K, capacity 28836K, committed 29056K, reserved 1075200K
  class space    used 3483K, capacity 3697K, committed 3712K, reserved 1048576K
GC Heap History (10 events):
Event: 186.292 GC heap before
{Heap before GC invocations=646 (full 316):
 PSYoungGen      total 688640K, used 96K [0x00000000d5f00000, 0x0000000100000000, 0x0000000100000000)
  eden space 688128K, 0% used [0x00000000d5f00000,0x00000000d5f00000,0x00000000fff00000)
  from space 512K, 18% used [0x00000000fff80000,0x00000000fff98000,0x0000000100000000)
  to   space 512K, 0% used [0x00000000fff00000,0x00000000fff00000,0x00000000fff80000)
 ParOldGen       total 54272K, used 16482K [0x0000000081c00000, 0x0000000085100000, 0x00000000d5f00000)
  object space 54272K, 30% used [0x0000000081c00000,0x0000000082c18bb8,0x0000000085100000)
 Metaspace       used 28043K, capacity 28836K, committed 29056K, reserved 1075200K
  class space    used 3483K, capacity 3697K, committed 3712K, reserved 1048576K
Event: 186.313 GC heap after
Heap after GC invocations=646 (full 316):
 PSYoungGen      total 688640K, used 0K [0x00000000d5f00000, 0x0000000100000000, 0x0000000100000000)
  eden space 688128K, 0% used [0x00000000d5f00000,0x00000000d5f00000,0x00000000fff00000)
  from space 512K, 0% used [0x00000000fff80000,0x00000000fff80000,0x0000000100000000)
  to   space 512K, 0% used [0x00000000fff00000,0x00000000fff00000,0x00000000fff80000)
 ParOldGen       total 54272K, used 16483K [0x0000000081c00000, 0x0000000085100000, 0x00000000d5f00000)
  object space 54272K, 30% used [0x0000000081c00000,0x0000000082c18d20,0x0000000085100000)
 Metaspace       used 28043K, capacity 28836K, committed 29056K, reserved 1075200K
  class space    used 3483K, capacity 3697K, committed 3712K, reserved 1048576K
}
Event: 186.692 GC heap before
{Heap before GC invocations=647 (full 316):
 PSYoungGen      total 688640K, used 22827K [0x00000000d5f00000, 0x0000000100000000, 0x0000000100000000)
  eden space 688128K, 3% used [0x00000000d5f00000,0x00000000d754ad98,0x00000000fff00000)
  from space 512K, 0% used [0x00000000fff80000,0x00000000fff80000,0x0000000100000000)
  to   space 512K, 0% used [0x00000000fff00000,0x00000000fff00000,0x00000000fff80000)
 ParOldGen       total 54272K, used 16483K [0x0000000081c00000, 0x0000000085100000, 0x00000000d5f00000)
  object space 54272K, 30% used [0x0000000081c00000,0x0000000082c18d20,0x0000000085100000)
 Metaspace       used 28043K, capacity 28836K, committed 29056K, reserved 1075200K
  class space    used 3483K, capacity 3697K, committed 3712K, reserved 1048576K
Event: 186.693 GC heap after
Heap after GC invocations=647 (full 316):
 PSYoungGen      total 688640K, used 128K [0x00000000d5f00000, 0x0000000100000000, 0x0000000100000000)
  eden space 688128K, 0% used [0x00000000d5f00000,0x00000000d5f00000,0x00000000fff00000)
  from space 512K, 25% used [0x00000000fff00000,0x00000000fff20000,0x00000000fff80000)
  to   space 512K, 0% used [0x00000000fff80000,0x00000000fff80000,0x0000000100000000)
 ParOldGen       total 54272K, used 16483K [0x0000000081c00000, 0x0000000085100000, 0x00000000d5f00000)
  object space 54272K, 30% used [0x0000000081c00000,0x0000000082c18d20,0x0000000085100000)
 Metaspace       used 28043K, capacity 28836K, committed 29056K, reserved 1075200K
  class space    used 3483K, capacity 3697K, committed 3712K, reserved 1048576K
}
Event: 186.693 GC heap before
{Heap before GC invocations=648 (full 317):
 PSYoungGen      total 688640K, used 128K [0x00000000d5f00000, 0x0000000100000000, 0x0000000100000000)
  eden space 688128K, 0% used [0x00000000d5f00000,0x00000000d5f00000,0x00000000fff00000)
  from space 512K, 25% used [0x00000000fff00000,0x00000000fff20000,0x00000000fff80000)
  to   space 512K, 0% used [0x00000000fff80000,0x00000000fff80000,0x0000000100000000)
 ParOldGen       total 54272K, used 16483K [0x0000000081c00000, 0x0000000085100000, 0x00000000d5f00000)
  object space 54272K, 30% used [0x0000000081c00000,0x0000000082c18d20,0x0000000085100000)
 Metaspace       used 28043K, capacity 28836K, committed 29056K, reserved 1075200K
  class space    used 3483K, capacity 3697K, committed 3712K, reserved 1048576K
Event: 186.714 GC heap after
Heap after GC invocations=648 (full 317):
 PSYoungGen      total 688640K, used 0K [0x00000000d5f00000, 0x0000000100000000, 0x0000000100000000)
  eden space 688128K, 0% used [0x00000000d5f00000,0x00000000d5f00000,0x00000000fff00000)
  from space 512K, 0% used [0x00000000fff00000,0x00000000fff00000,0x00000000fff80000)
  to   space 512K, 0% used [0x00000000fff80000,0x00000000fff80000,0x0000000100000000)
 ParOldGen       total 54272K, used 16484K [0x0000000081c00000, 0x0000000085100000, 0x00000000d5f00000)
  object space 54272K, 30% used [0x0000000081c00000,0x0000000082c19278,0x0000000085100000)
 Metaspace       used 28043K, capacity 28836K, committed 29056K, reserved 1075200K
  class space    used 3483K, capacity 3697K, committed 3712K, reserved 1048576K
}
Event: 187.093 GC heap before
{Heap before GC invocations=649 (full 317):
 PSYoungGen      total 688640K, used 22827K [0x00000000d5f00000, 0x0000000100000000, 0x0000000100000000)
  eden space 688128K, 3% used [0x00000000d5f00000,0x00000000d754adb0,0x00000000fff00000)
  from space 512K, 0% used [0x00000000fff00000,0x00000000fff00000,0x00000000fff80000)
  to   space 512K, 0% used [0x00000000fff80000,0x00000000fff80000,0x0000000100000000)
 ParOldGen       total 54272K, used 16484K [0x0000000081c00000, 0x0000000085100000, 0x00000000d5f00000)
  object space 54272K, 30% used [0x0000000081c00000,0x0000000082c19278,0x0000000085100000)
 Metaspace       used 28043K, capacity 28836K, committed 29056K, reserved 1075200K
  class space    used 3483K, capacity 3697K, committed 3712K, reserved 1048576K
Event: 187.094 GC heap after
Heap after GC invocations=649 (full 317):
 PSYoungGen      total 688640K, used 128K [0x00000000d5f00000, 0x0000000100000000, 0x0000000100000000)
  eden space 688128K, 0% used [0x00000000d5f00000,0x00000000d5f00000,0x00000000fff00000)
  from space 512K, 25% used [0x00000000fff80000,0x00000000fffa0000,0x0000000100000000)
  to   space 512K, 0% used [0x00000000fff00000,0x00000000fff00000,0x00000000fff80000)
 ParOldGen       total 54272K, used 16484K [0x0000000081c00000, 0x0000000085100000, 0x00000000d5f00000)
  object space 54272K, 30% used [0x0000000081c00000,0x0000000082c19278,0x0000000085100000)
 Metaspace       used 28043K, capacity 28836K, committed 29056K, reserved 1075200K
  class space    used 3483K, capacity 3697K, committed 3712K, reserved 1048576K
}
Event: 187.094 GC heap before
{Heap before GC invocations=650 (full 318):
 PSYoungGen      total 688640K, used 128K [0x00000000d5f00000, 0x0000000100000000, 0x0000000100000000)
  eden space 688128K, 0% used [0x00000000d5f00000,0x00000000d5f00000,0x00000000fff00000)
  from space 512K, 25% used [0x00000000fff80000,0x00000000fffa0000,0x0000000100000000)
  to   space 512K, 0% used [0x00000000fff00000,0x00000000fff00000,0x00000000fff80000)
 ParOldGen       total 54272K, used 16484K [0x0000000081c00000, 0x0000000085100000, 0x00000000d5f00000)
  object space 54272K, 30% used [0x0000000081c00000,0x0000000082c19278,0x0000000085100000)
 Metaspace       used 28043K, capacity 28836K, committed 29056K, reserved 1075200K
  class space    used 3483K, capacity 3697K, committed 3712K, reserved 1048576K
Event: 187.115 GC heap after
Heap after GC invocations=650 (full 318):
 PSYoungGen      total 688640K, used 0K [0x00000000d5f00000, 0x0000000100000000, 0x0000000100000000)
  eden space 688128K, 0% used [0x00000000d5f00000,0x00000000d5f00000,0x00000000fff00000)
  from space 512K, 0% used [0x00000000fff80000,0x00000000fff80000,0x0000000100000000)
  to   space 512K, 0% used [0x00000000fff00000,0x00000000fff00000,0x00000000fff80000)
 ParOldGen       total 54272K, used 16484K [0x0000000081c00000, 0x0000000085100000, 0x00000000d5f00000)
  object space 54272K, 30% used [0x0000000081c00000,0x0000000082c192d0,0x0000000085100000)
 Metaspace       used 28043K, capacity 28836K, committed 29056K, reserved 1075200K
  class space    used 3483K, capacity 3697K, committed 3712K, reserved 1048576K
}

